#
# There is insufficient memory for the Java Runtime Environment to continue.
# Native memory allocation (malloc) failed to allocate 1048576 bytes. Error detail: AllocateHeap
# Possible reasons:
#   The system is out of physical RAM or swap space
#   This process is running with CompressedOops enabled, and the Java Heap may be blocking the growth of the native heap
# Possible solutions:
#   Reduce memory load on the system
#   Increase physical memory or swap space
#   Check if swap backing store is full
#   Decrease Java heap size (-Xmx/-Xms)
#   Decrease number of Java threads
#   Decrease Java thread stack sizes (-Xss)
#   Set larger code cache with -XX:ReservedCodeCacheSize=
#   JVM is running with Unscaled Compressed Oops mode in which the Java heap is
#     placed in the first 4GB address space. The Java Heap base address is the
#     maximum limit for the native heap growth. Please use -XX:HeapBaseMinAddress
#     to set the Java Heap base and to place the Java Heap above 4GB virtual address.
# This output file may be truncated or incomplete.
#
#  Out of Memory Error (allocation.cpp:44), pid=21556, tid=14388
#
# JRE version: OpenJDK Runtime Environment Temurin-21.0.9+10 (21.0.9+10) (build 21.0.9+10-LTS)
# Java VM: OpenJDK 64-Bit Server VM Temurin-21.0.9+10 (21.0.9+10-LTS, mixed mode, sharing, tiered, compressed oops, compressed class ptrs, parallel gc, windows-amd64)
# No core dump will be written. Minidumps are not enabled by default on client versions of Windows
#

---------------  S U M M A R Y ------------

Command Line: --add-modules=ALL-SYSTEM --add-opens=java.base/java.util=ALL-UNNAMED --add-opens=java.base/java.lang=ALL-UNNAMED --add-opens=java.base/sun.nio.fs=ALL-UNNAMED -Declipse.application=org.eclipse.jdt.ls.core.id1 -Dosgi.bundles.defaultStartLevel=4 -Declipse.product=org.eclipse.jdt.ls.core.product -Djava.import.generatesMetadataFilesAtProjectRoot=false -DDetectVMInstallationsJob.disabled=true -Dfile.encoding=utf8 -XX:+UseParallelGC -XX:GCTimeRatio=4 -XX:AdaptiveSizePolicyWeight=90 -Dsun.zip.disableMemoryMapping=true -Xmx2G -Xms100m -Xlog:disable -javaagent:c:\Users\Admin\.vscode\extensions\redhat.java-1.50.0-win32-x64\lombok\lombok-1.18.39-4050.jar -XX:+HeapDumpOnOutOfMemoryError -XX:HeapDumpPath=c:\Users\Admin\AppData\Roaming\Code\User\workspaceStorage\9944b2db9b7f674809a0ffc27e43ccb3\redhat.java -Daether.dependencyCollector.impl=bf c:\Users\Admin\.vscode\extensions\redhat.java-1.50.0-win32-x64\server\plugins\org.eclipse.equinox.launcher_1.7.100.v20251111-0406.jar -configuration c:\Users\Admin\AppData\Roaming\Code\User\globalStorage\redhat.java\1.50.0\config_win -data c:\Users\Admin\AppData\Roaming\Code\User\workspaceStorage\9944b2db9b7f674809a0ffc27e43ccb3\redhat.java\jdt_ws --pipe=\\.\pipe\lsp-e91671f74334768f5b2a14aa45acf22b-sock

Host: Intel(R) Core(TM) i5-4210U CPU @ 1.70GHz, 4 cores, 7G,  Windows 10 , 64 bit Build 19041 (10.0.19041.5915)
Time: Tue Dec  9 19:47:31 2025 India Standard Time elapsed time: 4471.610196 seconds (0d 1h 14m 31s)

---------------  T H R E A D  ---------------

Current thread (0x000002236ce516d0):  JavaThread "Attach Listener" daemon [_thread_in_vm, id=14388, stack(0x000000c627400000,0x000000c627500000) (1024K)]

Stack: [0x000000c627400000,0x000000c627500000]
Native frames: (J=compiled Java code, j=interpreted, Vv=VM code, C=native code)
V  [jvm.dll+0x6d6e29]
V  [jvm.dll+0x8b4b76]
V  [jvm.dll+0x8b712e]
V  [jvm.dll+0x8b7813]
V  [jvm.dll+0x283d86]
V  [jvm.dll+0xc1277]
V  [jvm.dll+0x6d76d9]
V  [jvm.dll+0x133466]
V  [jvm.dll+0x3f7ea6]
V  [jvm.dll+0x85e9ad]
V  [jvm.dll+0x6d565d]
C  [ucrtbase.dll+0x21bb2]
C  [KERNEL32.DLL+0x17374]
C  [ntdll.dll+0x4cc91]


---------------  P R O C E S S  ---------------

Threads class SMR info:
_java_thread_list=0x0000022375438570, length=33, elements={
0x0000022356462990, 0x000002236ce4bd70, 0x000002236ce4d1b0, 0x000002236ce50800,
0x000002236ce516d0, 0x000002236ce54c20, 0x000002236ce55670, 0x000002236ce564a0,
0x000002236cec7830, 0x000002236dc21d90, 0x000002236dd33730, 0x0000022372564eb0,
0x00000223724ac660, 0x0000022372072410, 0x0000022372072e40, 0x0000022372496240,
0x0000022372732190, 0x000002236cebd3a0, 0x000002236cebac40, 0x000002236cebb2d0,
0x0000022374340d80, 0x0000022374340060, 0x00000223743434e0, 0x0000022374342e50,
0x00000223743406f0, 0x0000022374341410, 0x0000022374341aa0, 0x00000223743427c0,
0x0000022374e7c970, 0x0000022374e7a8a0, 0x0000022373b45420, 0x0000022373b474f0,
0x0000022373b467d0
}

Java Threads: ( => current thread )
  0x0000022356462990 JavaThread "main"                              [_thread_blocked, id=9180, stack(0x000000c626d00000,0x000000c626e00000) (1024K)]
  0x000002236ce4bd70 JavaThread "Reference Handler"          daemon [_thread_blocked, id=20772, stack(0x000000c627100000,0x000000c627200000) (1024K)]
  0x000002236ce4d1b0 JavaThread "Finalizer"                  daemon [_thread_blocked, id=17468, stack(0x000000c627200000,0x000000c627300000) (1024K)]
  0x000002236ce50800 JavaThread "Signal Dispatcher"          daemon [_thread_blocked, id=20444, stack(0x000000c627300000,0x000000c627400000) (1024K)]
=>0x000002236ce516d0 JavaThread "Attach Listener"            daemon [_thread_in_vm, id=14388, stack(0x000000c627400000,0x000000c627500000) (1024K)]
  0x000002236ce54c20 JavaThread "Service Thread"             daemon [_thread_blocked, id=12804, stack(0x000000c627500000,0x000000c627600000) (1024K)]
  0x000002236ce55670 JavaThread "Monitor Deflation Thread"   daemon [_thread_blocked, id=10116, stack(0x000000c627600000,0x000000c627700000) (1024K)]
  0x000002236ce564a0 JavaThread "C2 CompilerThread0"         daemon [_thread_blocked, id=22200, stack(0x000000c627700000,0x000000c627800000) (1024K)]
  0x000002236cec7830 JavaThread "C1 CompilerThread0"         daemon [_thread_blocked, id=13916, stack(0x000000c627800000,0x000000c627900000) (1024K)]
  0x000002236dc21d90 JavaThread "Common-Cleaner"             daemon [_thread_blocked, id=16456, stack(0x000000c627900000,0x000000c627a00000) (1024K)]
  0x000002236dd33730 JavaThread "Notification Thread"        daemon [_thread_blocked, id=14332, stack(0x000000c627a00000,0x000000c627b00000) (1024K)]
  0x0000022372564eb0 JavaThread "Active Thread: Equinox Container: 9a974f02-fd89-4285-b80e-b78179162323"        [_thread_blocked, id=23272, stack(0x000000c627e00000,0x000000c627f00000) (1024K)]
  0x00000223724ac660 JavaThread "Refresh Thread: Equinox Container: 9a974f02-fd89-4285-b80e-b78179162323" daemon [_thread_blocked, id=18960, stack(0x000000c627f00000,0x000000c628000000) (1024K)]
  0x0000022372072410 JavaThread "Framework Event Dispatcher: Equinox Container: 9a974f02-fd89-4285-b80e-b78179162323" daemon [_thread_blocked, id=14032, stack(0x000000c628000000,0x000000c628100000) (1024K)]
  0x0000022372072e40 JavaThread "Start Level: Equinox Container: 9a974f02-fd89-4285-b80e-b78179162323" daemon [_thread_blocked, id=22556, stack(0x000000c628100000,0x000000c628200000) (1024K)]
  0x0000022372496240 JavaThread "Bundle File Closer"         daemon [_thread_blocked, id=12156, stack(0x000000c628200000,0x000000c628300000) (1024K)]
  0x0000022372732190 JavaThread "SCR Component Actor"        daemon [_thread_blocked, id=21596, stack(0x000000c628300000,0x000000c628400000) (1024K)]
  0x000002236cebd3a0 JavaThread "Worker-JM"                         [_thread_blocked, id=14984, stack(0x000000c628500000,0x000000c628600000) (1024K)]
  0x000002236cebac40 JavaThread "Java indexing"              daemon [_thread_blocked, id=10188, stack(0x000000c628800000,0x000000c628900000) (1024K)]
  0x000002236cebb2d0 JavaThread "JNA Cleaner"                daemon [_thread_blocked, id=23940, stack(0x000000c628b00000,0x000000c628c00000) (1024K)]
  0x0000022374340d80 JavaThread "Thread-1"                   daemon [_thread_in_native, id=9476, stack(0x000000c628e00000,0x000000c628f00000) (1024K)]
  0x0000022374340060 JavaThread "Thread-2"                   daemon [_thread_in_native, id=18932, stack(0x000000c628f00000,0x000000c629000000) (1024K)]
  0x00000223743434e0 JavaThread "Thread-3"                   daemon [_thread_in_native, id=12196, stack(0x000000c629000000,0x000000c629100000) (1024K)]
  0x0000022374342e50 JavaThread "Thread-4"                   daemon [_thread_in_native, id=23996, stack(0x000000c629100000,0x000000c629200000) (1024K)]
  0x00000223743406f0 JavaThread "Thread-5"                   daemon [_thread_in_native, id=10904, stack(0x000000c629200000,0x000000c629300000) (1024K)]
  0x0000022374341410 JavaThread "pool-2-thread-1"                   [_thread_blocked, id=13444, stack(0x000000c629300000,0x000000c629400000) (1024K)]
  0x0000022374341aa0 JavaThread "WorkspaceEventsHandler"            [_thread_blocked, id=16212, stack(0x000000c626a00000,0x000000c626b00000) (1024K)]
  0x00000223743427c0 JavaThread "pool-1-thread-1"                   [_thread_blocked, id=5060, stack(0x000000c629400000,0x000000c629500000) (1024K)]
  0x0000022374e7c970 JavaThread "Worker-17"                         [_thread_blocked, id=3360, stack(0x000000c628600000,0x000000c628700000) (1024K)]
  0x0000022374e7a8a0 JavaThread "ForkJoinPool.commonPool-worker-6" daemon [_thread_blocked, id=8220, stack(0x000000c628400000,0x000000c628500000) (1024K)]
  0x0000022373b45420 JavaThread "Worker-19"                         [_thread_blocked, id=11136, stack(0x000000c628c00000,0x000000c628d00000) (1024K)]
  0x0000022373b474f0 JavaThread "Compiler Source File Reader" daemon [_thread_blocked, id=11860, stack(0x000000c628d00000,0x000000c628e00000) (1024K)]
  0x0000022373b467d0 JavaThread "Compiler Source File Reader" daemon [_thread_blocked, id=16072, stack(0x000000c628900000,0x000000c628a00000) (1024K)]
Total: 33

Other Threads:
  0x000002235651df80 VMThread "VM Thread"                           [id=23800, stack(0x000000c627000000,0x000000c627100000) (1024K)]
  0x00000223564cb4c0 WatcherThread "VM Periodic Task Thread"        [id=23368, stack(0x000000c626f00000,0x000000c627000000) (1024K)]
  0x000002235647fc80 WorkerThread "GC Thread#0"                     [id=17388, stack(0x000000c626e00000,0x000000c626f00000) (1024K)]
  0x0000022372044070 WorkerThread "GC Thread#1"                     [id=18204, stack(0x000000c627b00000,0x000000c627c00000) (1024K)]
  0x0000022372044410 WorkerThread "GC Thread#2"                     [id=8792, stack(0x000000c627c00000,0x000000c627d00000) (1024K)]
  0x00000223720447b0 WorkerThread "GC Thread#3"                     [id=23312, stack(0x000000c627d00000,0x000000c627e00000) (1024K)]
Total: 6

Threads with active compile tasks:
Total: 0

VM state: not at safepoint (normal execution)

VM Mutex/Monitor currently owned by a thread: None

Heap address: 0x0000000080000000, size: 2048 MB, Compressed Oops mode: 32-bit

CDS archive(s) mapped at: [0x0000022300000000-0x0000022300ba0000-0x0000022300ba0000), size 12189696, SharedBaseAddress: 0x0000022300000000, ArchiveRelocationMode: 1.
Compressed class space mapped at: 0x0000022301000000-0x0000022341000000, reserved size: 1073741824
Narrow klass base: 0x0000022300000000, Narrow klass shift: 0, Narrow klass range: 0x100000000

GC Precious Log:
 CardTable entry size: 512
 CPUs: 4 total, 4 available
 Memory: 8108M
 Large Page Support: Disabled
 NUMA Support: Disabled
 Compressed Oops: Enabled (32-bit)
 Alignments: Space 512K, Generation 512K, Heap 2M
 Heap Min Capacity: 100M
 Heap Initial Capacity: 100M
 Heap Max Capacity: 2G
 Pre-touch: Disabled
 Parallel Workers: 4

Heap:
 PSYoungGen      total 7168K, used 5788K [0x00000000d5580000, 0x00000000d6000000, 0x0000000100000000)
  eden space 3584K, 66% used [0x00000000d5580000,0x00000000d57d2688,0x00000000d5900000)
  from space 3584K, 95% used [0x00000000d5900000,0x00000000d5c54b00,0x00000000d5c80000)
  to   space 3584K, 0% used [0x00000000d5c80000,0x00000000d5c80000,0x00000000d6000000)
 ParOldGen       total 1144320K, used 1076437K [0x0000000080000000, 0x00000000c5d80000, 0x00000000d5580000)
  object space 1144320K, 94% used [0x0000000080000000,0x00000000c1b355a8,0x00000000c5d80000)
 Metaspace       used 87864K, committed 89408K, reserved 1179648K
  class space    used 8670K, committed 9408K, reserved 1048576K

Card table byte_map: [0x0000022355e10000,0x0000022356220000] _byte_map_base: 0x0000022355a10000

Marking Bits: (ParMarkBitMap*) 0x00007ffd664e2460
 Begin Bits: [0x0000022368920000, 0x000002236a920000)
 End Bits:   [0x000002236a920000, 0x000002236c920000)

Polling page: 0x00000223544d0000

Metaspace:

Usage:
  Non-class:     77.34 MB used.
      Class:      8.47 MB used.
       Both:     85.81 MB used.

Virtual space:
  Non-class space:      128.00 MB reserved,      78.12 MB ( 61%) committed,  2 nodes.
      Class space:        1.00 GB reserved,       9.19 MB ( <1%) committed,  1 nodes.
             Both:        1.12 GB reserved,      87.31 MB (  8%) committed. 

Chunk freelists:
   Non-Class:  1.73 MB
       Class:  6.95 MB
        Both:  8.68 MB

MaxMetaspaceSize: unlimited
CompressedClassSpaceSize: 1.00 GB
Initial GC threshold: 21.00 MB
Current GC threshold: 142.81 MB
CDS: on
 - commit_granule_bytes: 65536.
 - commit_granule_words: 8192.
 - virtual_space_node_default_size: 8388608.
 - enlarge_chunks_in_place: 1.
 - use_allocation_guard: 0.


Internal statistics:

num_allocs_failed_limit: 9.
num_arena_births: 1750.
num_arena_deaths: 354.
num_vsnodes_births: 3.
num_vsnodes_deaths: 0.
num_space_committed: 1397.
num_space_uncommitted: 0.
num_chunks_returned_to_freelist: 401.
num_chunks_taken_from_freelist: 6242.
num_chunk_merges: 106.
num_chunk_splits: 3608.
num_chunks_enlarged: 1910.
num_inconsistent_stats: 0.

CodeHeap 'non-profiled nmethods': size=120000Kb used=34979Kb max_used=34979Kb free=85021Kb
 bounds [0x0000022361140000, 0x0000022363370000, 0x0000022368670000]
CodeHeap 'profiled nmethods': size=120000Kb used=50905Kb max_used=51234Kb free=69094Kb
 bounds [0x0000022359670000, 0x000002235c880000, 0x0000022360ba0000]
CodeHeap 'non-nmethods': size=5760Kb used=1520Kb max_used=1595Kb free=4239Kb
 bounds [0x0000022360ba0000, 0x0000022360e10000, 0x0000022361140000]
CodeCache: size=245760Kb, used=87404Kb, max_used=87808Kb, free=158354Kb
 total_blobs=20248, nmethods=19411, adapters=740, full_count=0
Compilation: enabled, stopped_count=0, restarted_count=0

Compilation events (20 events):
Event: 4316.108 Thread 0x000002236cec7830 27043       3       org.eclipse.core.internal.dtree.AbstractDataTreeNode::size (6 bytes)
Event: 4316.108 Thread 0x000002236cec7830 nmethod 27043 0x000002235b85d010 code [0x000002235b85d1a0, 0x000002235b85d2b8]
Event: 4325.509 Thread 0x000002236cec7830 27045       1       org.eclipse.core.internal.jobs.InternalJob::internalSetPriority (6 bytes)
Event: 4325.509 Thread 0x000002236cec7830 nmethod 27045 0x0000022363351c90 code [0x0000022363351e20, 0x0000022363351ee8]
Event: 4325.522 Thread 0x000002236ce564a0 27046       4       org.eclipse.jdt.internal.core.index.DiskIndex::writeAllDocumentNames (512 bytes)
Event: 4325.527 Thread 0x000002236cec7830 27047       3       org.eclipse.core.internal.dtree.NoDataDeltaNode::<init> (7 bytes)
Event: 4325.529 Thread 0x000002236cec7830 nmethod 27047 0x000002235b85ca90 code [0x000002235b85cc40, 0x000002235b85cf00]
Event: 4325.536 Thread 0x000002236cec7830 27048       3       java.util.Arrays::sort (24 bytes)
Event: 4325.536 Thread 0x000002236cec7830 nmethod 27048 0x000002235b85c690 code [0x000002235b85c840, 0x000002235b85c998]
Event: 4325.636 Thread 0x000002236cec7830 27049       3       org.eclipse.core.internal.jobs.JobManager::beginRule (20 bytes)
Event: 4325.637 Thread 0x000002236cec7830 nmethod 27049 0x000002235b85c190 code [0x000002235b85c360, 0x000002235b85c570]
Event: 4325.640 Thread 0x000002236cec7830 27050       3       org.eclipse.core.internal.jobs.JobManager::endRule (10 bytes)
Event: 4325.640 Thread 0x000002236cec7830 nmethod 27050 0x000002235b85bd90 code [0x000002235b85bf40, 0x000002235b85c0a0]
Event: 4325.640 Thread 0x000002236cec7830 27051  s    3       org.eclipse.core.internal.jobs.ImplicitJobs::end (79 bytes)
Event: 4325.643 Thread 0x000002236cec7830 nmethod 27051 0x000002235b859a10 code [0x000002235b859de0, 0x000002235b85b5e0]
Event: 4325.779 Thread 0x000002236ce564a0 nmethod 27046 0x0000022363351f90 code [0x00000223633523e0, 0x0000022363355e30]
Event: 4326.442 Thread 0x000002236ce564a0 27052       4       org.eclipse.jdt.internal.core.search.indexing.BinaryIndexer::extractReferenceFromConstantPool (358 bytes)
Event: 4327.033 Thread 0x000002236cec7830 27053       1       org.eclipse.core.internal.localstore.UnifiedTree::getLevel (5 bytes)
Event: 4327.033 Thread 0x000002236cec7830 nmethod 27053 0x0000022363358110 code [0x00000223633582a0, 0x0000022363358368]
Event: 4327.451 Thread 0x000002236ce564a0 nmethod 27052 0x0000022363358410 code [0x0000022363358e20, 0x0000022363363f78]

GC Heap History (20 events):
Event: 4312.776 GC heap before
{Heap before GC invocations=4606 (full 6):
 PSYoungGen      total 5632K, used 5376K [0x00000000d5580000, 0x00000000d5d80000, 0x0000000100000000)
  eden space 5120K, 100% used [0x00000000d5580000,0x00000000d5a80000,0x00000000d5a80000)
  from space 512K, 50% used [0x00000000d5b80000,0x00000000d5bc0000,0x00000000d5c00000)
  to   space 1024K, 0% used [0x00000000d5c80000,0x00000000d5c80000,0x00000000d5d80000)
 ParOldGen       total 1144320K, used 1067368K [0x0000000080000000, 0x00000000c5d80000, 0x00000000d5580000)
  object space 1144320K, 93% used [0x0000000080000000,0x00000000c125a318,0x00000000c5d80000)
 Metaspace       used 87852K, committed 89344K, reserved 1179648K
  class space    used 8670K, committed 9408K, reserved 1048576K
}
Event: 4312.789 GC heap after
{Heap after GC invocations=4606 (full 6):
 PSYoungGen      total 4608K, used 993K [0x00000000d5580000, 0x00000000d6180000, 0x0000000100000000)
  eden space 3584K, 0% used [0x00000000d5580000,0x00000000d5580000,0x00000000d5900000)
  from space 1024K, 97% used [0x00000000d5c80000,0x00000000d5d785d8,0x00000000d5d80000)
  to   space 3584K, 0% used [0x00000000d5900000,0x00000000d5900000,0x00000000d5c80000)
 ParOldGen       total 1144320K, used 1069239K [0x0000000080000000, 0x00000000c5d80000, 0x00000000d5580000)
  object space 1144320K, 93% used [0x0000000080000000,0x00000000c142dcf0,0x00000000c5d80000)
 Metaspace       used 87852K, committed 89344K, reserved 1179648K
  class space    used 8670K, committed 9408K, reserved 1048576K
}
Event: 4312.819 GC heap before
{Heap before GC invocations=4607 (full 6):
 PSYoungGen      total 4608K, used 4577K [0x00000000d5580000, 0x00000000d6180000, 0x0000000100000000)
  eden space 3584K, 100% used [0x00000000d5580000,0x00000000d5900000,0x00000000d5900000)
  from space 1024K, 97% used [0x00000000d5c80000,0x00000000d5d785d8,0x00000000d5d80000)
  to   space 3584K, 0% used [0x00000000d5900000,0x00000000d5900000,0x00000000d5c80000)
 ParOldGen       total 1144320K, used 1069239K [0x0000000080000000, 0x00000000c5d80000, 0x00000000d5580000)
  object space 1144320K, 93% used [0x0000000080000000,0x00000000c142dcf0,0x00000000c5d80000)
 Metaspace       used 87852K, committed 89344K, reserved 1179648K
  class space    used 8670K, committed 9408K, reserved 1048576K
}
Event: 4312.824 GC heap after
{Heap after GC invocations=4607 (full 6):
 PSYoungGen      total 4608K, used 688K [0x00000000d5580000, 0x00000000d5d00000, 0x0000000100000000)
  eden space 3584K, 0% used [0x00000000d5580000,0x00000000d5580000,0x00000000d5900000)
  from space 1024K, 67% used [0x00000000d5900000,0x00000000d59ac010,0x00000000d5a00000)
  to   space 1536K, 0% used [0x00000000d5b80000,0x00000000d5b80000,0x00000000d5d00000)
 ParOldGen       total 1144320K, used 1069612K [0x0000000080000000, 0x00000000c5d80000, 0x00000000d5580000)
  object space 1144320K, 93% used [0x0000000080000000,0x00000000c148b170,0x00000000c5d80000)
 Metaspace       used 87852K, committed 89344K, reserved 1179648K
  class space    used 8670K, committed 9408K, reserved 1048576K
}
Event: 4313.155 GC heap before
{Heap before GC invocations=4608 (full 6):
 PSYoungGen      total 4608K, used 4272K [0x00000000d5580000, 0x00000000d5d00000, 0x0000000100000000)
  eden space 3584K, 99% used [0x00000000d5580000,0x00000000d58ffff8,0x00000000d5900000)
  from space 1024K, 67% used [0x00000000d5900000,0x00000000d59ac010,0x00000000d5a00000)
  to   space 1536K, 0% used [0x00000000d5b80000,0x00000000d5b80000,0x00000000d5d00000)
 ParOldGen       total 1144320K, used 1069612K [0x0000000080000000, 0x00000000c5d80000, 0x00000000d5580000)
  object space 1144320K, 93% used [0x0000000080000000,0x00000000c148b170,0x00000000c5d80000)
 Metaspace       used 87852K, committed 89344K, reserved 1179648K
  class space    used 8670K, committed 9408K, reserved 1048576K
}
Event: 4313.158 GC heap after
{Heap after GC invocations=4608 (full 6):
 PSYoungGen      total 4096K, used 256K [0x00000000d5580000, 0x00000000d5c00000, 0x0000000100000000)
  eden space 3584K, 0% used [0x00000000d5580000,0x00000000d5580000,0x00000000d5900000)
  from space 512K, 50% used [0x00000000d5b80000,0x00000000d5bc0000,0x00000000d5c00000)
  to   space 1024K, 0% used [0x00000000d5a00000,0x00000000d5a00000,0x00000000d5b00000)
 ParOldGen       total 1144320K, used 1069836K [0x0000000080000000, 0x00000000c5d80000, 0x00000000d5580000)
  object space 1144320K, 93% used [0x0000000080000000,0x00000000c14c3170,0x00000000c5d80000)
 Metaspace       used 87852K, committed 89344K, reserved 1179648K
  class space    used 8670K, committed 9408K, reserved 1048576K
}
Event: 4313.609 GC heap before
{Heap before GC invocations=4609 (full 6):
 PSYoungGen      total 4096K, used 3839K [0x00000000d5580000, 0x00000000d5c00000, 0x0000000100000000)
  eden space 3584K, 99% used [0x00000000d5580000,0x00000000d58ffff8,0x00000000d5900000)
  from space 512K, 50% used [0x00000000d5b80000,0x00000000d5bc0000,0x00000000d5c00000)
  to   space 1024K, 0% used [0x00000000d5a00000,0x00000000d5a00000,0x00000000d5b00000)
 ParOldGen       total 1144320K, used 1069836K [0x0000000080000000, 0x00000000c5d80000, 0x00000000d5580000)
  object space 1144320K, 93% used [0x0000000080000000,0x00000000c14c3170,0x00000000c5d80000)
 Metaspace       used 87852K, committed 89344K, reserved 1179648K
  class space    used 8670K, committed 9408K, reserved 1048576K
}
Event: 4313.619 GC heap after
{Heap after GC invocations=4609 (full 6):
 PSYoungGen      total 4608K, used 688K [0x00000000d5580000, 0x00000000d5c00000, 0x0000000100000000)
  eden space 3584K, 0% used [0x00000000d5580000,0x00000000d5580000,0x00000000d5900000)
  from space 1024K, 67% used [0x00000000d5a00000,0x00000000d5aac010,0x00000000d5b00000)
  to   space 1024K, 0% used [0x00000000d5b00000,0x00000000d5b00000,0x00000000d5c00000)
 ParOldGen       total 1144320K, used 1069874K [0x0000000080000000, 0x00000000c5d80000, 0x00000000d5580000)
  object space 1144320K, 93% used [0x0000000080000000,0x00000000c14ccbb0,0x00000000c5d80000)
 Metaspace       used 87852K, committed 89344K, reserved 1179648K
  class space    used 8670K, committed 9408K, reserved 1048576K
}
Event: 4313.913 GC heap before
{Heap before GC invocations=4610 (full 6):
 PSYoungGen      total 4608K, used 4272K [0x00000000d5580000, 0x00000000d5c00000, 0x0000000100000000)
  eden space 3584K, 100% used [0x00000000d5580000,0x00000000d5900000,0x00000000d5900000)
  from space 1024K, 67% used [0x00000000d5a00000,0x00000000d5aac010,0x00000000d5b00000)
  to   space 1024K, 0% used [0x00000000d5b00000,0x00000000d5b00000,0x00000000d5c00000)
 ParOldGen       total 1144320K, used 1069874K [0x0000000080000000, 0x00000000c5d80000, 0x00000000d5580000)
  object space 1144320K, 93% used [0x0000000080000000,0x00000000c14ccbb0,0x00000000c5d80000)
 Metaspace       used 87852K, committed 89344K, reserved 1179648K
  class space    used 8670K, committed 9408K, reserved 1048576K
}
Event: 4313.918 GC heap after
{Heap after GC invocations=4610 (full 6):
 PSYoungGen      total 4096K, used 128K [0x00000000d5580000, 0x00000000d5b80000, 0x0000000100000000)
  eden space 3584K, 0% used [0x00000000d5580000,0x00000000d5580000,0x00000000d5900000)
  from space 512K, 25% used [0x00000000d5b00000,0x00000000d5b20000,0x00000000d5b80000)
  to   space 512K, 0% used [0x00000000d5a80000,0x00000000d5a80000,0x00000000d5b00000)
 ParOldGen       total 1144320K, used 1070378K [0x0000000080000000, 0x00000000c5d80000, 0x00000000d5580000)
  object space 1144320K, 93% used [0x0000000080000000,0x00000000c154abc0,0x00000000c5d80000)
 Metaspace       used 87852K, committed 89344K, reserved 1179648K
  class space    used 8670K, committed 9408K, reserved 1048576K
}
Event: 4316.610 GC heap before
{Heap before GC invocations=4611 (full 6):
 PSYoungGen      total 4096K, used 3712K [0x00000000d5580000, 0x00000000d5b80000, 0x0000000100000000)
  eden space 3584K, 100% used [0x00000000d5580000,0x00000000d5900000,0x00000000d5900000)
  from space 512K, 25% used [0x00000000d5b00000,0x00000000d5b20000,0x00000000d5b80000)
  to   space 512K, 0% used [0x00000000d5a80000,0x00000000d5a80000,0x00000000d5b00000)
 ParOldGen       total 1144320K, used 1070378K [0x0000000080000000, 0x00000000c5d80000, 0x00000000d5580000)
  object space 1144320K, 93% used [0x0000000080000000,0x00000000c154abc0,0x00000000c5d80000)
 Metaspace       used 87860K, committed 89408K, reserved 1179648K
  class space    used 8670K, committed 9408K, reserved 1048576K
}
Event: 4316.615 GC heap after
{Heap after GC invocations=4611 (full 6):
 PSYoungGen      total 4096K, used 160K [0x00000000d5580000, 0x00000000d5b80000, 0x0000000100000000)
  eden space 3584K, 0% used [0x00000000d5580000,0x00000000d5580000,0x00000000d5900000)
  from space 512K, 31% used [0x00000000d5a80000,0x00000000d5aa8000,0x00000000d5b00000)
  to   space 512K, 0% used [0x00000000d5b00000,0x00000000d5b00000,0x00000000d5b80000)
 ParOldGen       total 1144320K, used 1070402K [0x0000000080000000, 0x00000000c5d80000, 0x00000000d5580000)
  object space 1144320K, 93% used [0x0000000080000000,0x00000000c1550bc0,0x00000000c5d80000)
 Metaspace       used 87860K, committed 89408K, reserved 1179648K
  class space    used 8670K, committed 9408K, reserved 1048576K
}
Event: 4317.854 GC heap before
{Heap before GC invocations=4612 (full 6):
 PSYoungGen      total 4096K, used 3744K [0x00000000d5580000, 0x00000000d5b80000, 0x0000000100000000)
  eden space 3584K, 100% used [0x00000000d5580000,0x00000000d5900000,0x00000000d5900000)
  from space 512K, 31% used [0x00000000d5a80000,0x00000000d5aa8000,0x00000000d5b00000)
  to   space 512K, 0% used [0x00000000d5b00000,0x00000000d5b00000,0x00000000d5b80000)
 ParOldGen       total 1144320K, used 1070402K [0x0000000080000000, 0x00000000c5d80000, 0x00000000d5580000)
  object space 1144320K, 93% used [0x0000000080000000,0x00000000c1550bc0,0x00000000c5d80000)
 Metaspace       used 87860K, committed 89408K, reserved 1179648K
  class space    used 8670K, committed 9408K, reserved 1048576K
}
Event: 4317.859 GC heap after
{Heap after GC invocations=4612 (full 6):
 PSYoungGen      total 4096K, used 128K [0x00000000d5580000, 0x00000000d5b80000, 0x0000000100000000)
  eden space 3584K, 0% used [0x00000000d5580000,0x00000000d5580000,0x00000000d5900000)
  from space 512K, 25% used [0x00000000d5b00000,0x00000000d5b20000,0x00000000d5b80000)
  to   space 512K, 0% used [0x00000000d5a80000,0x00000000d5a80000,0x00000000d5b00000)
 ParOldGen       total 1144320K, used 1070442K [0x0000000080000000, 0x00000000c5d80000, 0x00000000d5580000)
  object space 1144320K, 93% used [0x0000000080000000,0x00000000c155abc0,0x00000000c5d80000)
 Metaspace       used 87860K, committed 89408K, reserved 1179648K
  class space    used 8670K, committed 9408K, reserved 1048576K
}
Event: 4325.567 GC heap before
{Heap before GC invocations=4613 (full 6):
 PSYoungGen      total 4096K, used 3712K [0x00000000d5580000, 0x00000000d5b80000, 0x0000000100000000)
  eden space 3584K, 100% used [0x00000000d5580000,0x00000000d5900000,0x00000000d5900000)
  from space 512K, 25% used [0x00000000d5b00000,0x00000000d5b20000,0x00000000d5b80000)
  to   space 512K, 0% used [0x00000000d5a80000,0x00000000d5a80000,0x00000000d5b00000)
 ParOldGen       total 1144320K, used 1070442K [0x0000000080000000, 0x00000000c5d80000, 0x00000000d5580000)
  object space 1144320K, 93% used [0x0000000080000000,0x00000000c155abc0,0x00000000c5d80000)
 Metaspace       used 87860K, committed 89408K, reserved 1179648K
  class space    used 8670K, committed 9408K, reserved 1048576K
}
Event: 4325.578 GC heap after
{Heap after GC invocations=4613 (full 6):
 PSYoungGen      total 4096K, used 488K [0x00000000d5580000, 0x00000000d6000000, 0x0000000100000000)
  eden space 3584K, 0% used [0x00000000d5580000,0x00000000d5580000,0x00000000d5900000)
  from space 512K, 95% used [0x00000000d5a80000,0x00000000d5afa348,0x00000000d5b00000)
  to   space 3584K, 0% used [0x00000000d5c80000,0x00000000d5c80000,0x00000000d6000000)
 ParOldGen       total 1144320K, used 1072739K [0x0000000080000000, 0x00000000c5d80000, 0x00000000d5580000)
  object space 1144320K, 93% used [0x0000000080000000,0x00000000c1798f08,0x00000000c5d80000)
 Metaspace       used 87860K, committed 89408K, reserved 1179648K
  class space    used 8670K, committed 9408K, reserved 1048576K
}
Event: 4325.595 GC heap before
{Heap before GC invocations=4614 (full 6):
 PSYoungGen      total 4096K, used 4011K [0x00000000d5580000, 0x00000000d6000000, 0x0000000100000000)
  eden space 3584K, 98% used [0x00000000d5580000,0x00000000d58f0c38,0x00000000d5900000)
  from space 512K, 95% used [0x00000000d5a80000,0x00000000d5afa348,0x00000000d5b00000)
  to   space 3584K, 0% used [0x00000000d5c80000,0x00000000d5c80000,0x00000000d6000000)
 ParOldGen       total 1144320K, used 1072739K [0x0000000080000000, 0x00000000c5d80000, 0x00000000d5580000)
  object space 1144320K, 93% used [0x0000000080000000,0x00000000c1798f08,0x00000000c5d80000)
 Metaspace       used 87860K, committed 89408K, reserved 1179648K
  class space    used 8670K, committed 9408K, reserved 1048576K
}
Event: 4325.603 GC heap after
{Heap after GC invocations=4614 (full 6):
 PSYoungGen      total 7168K, used 3280K [0x00000000d5580000, 0x00000000d6000000, 0x0000000100000000)
  eden space 3584K, 0% used [0x00000000d5580000,0x00000000d5580000,0x00000000d5900000)
  from space 3584K, 91% used [0x00000000d5c80000,0x00000000d5fb4000,0x00000000d6000000)
  to   space 3584K, 0% used [0x00000000d5900000,0x00000000d5900000,0x00000000d5c80000)
 ParOldGen       total 1144320K, used 1073477K [0x0000000080000000, 0x00000000c5d80000, 0x00000000d5580000)
  object space 1144320K, 93% used [0x0000000080000000,0x00000000c18515a8,0x00000000c5d80000)
 Metaspace       used 87860K, committed 89408K, reserved 1179648K
  class space    used 8670K, committed 9408K, reserved 1048576K
}
Event: 4326.224 GC heap before
{Heap before GC invocations=4615 (full 6):
 PSYoungGen      total 7168K, used 6864K [0x00000000d5580000, 0x00000000d6000000, 0x0000000100000000)
  eden space 3584K, 100% used [0x00000000d5580000,0x00000000d5900000,0x00000000d5900000)
  from space 3584K, 91% used [0x00000000d5c80000,0x00000000d5fb4000,0x00000000d6000000)
  to   space 3584K, 0% used [0x00000000d5900000,0x00000000d5900000,0x00000000d5c80000)
 ParOldGen       total 1144320K, used 1073477K [0x0000000080000000, 0x00000000c5d80000, 0x00000000d5580000)
  object space 1144320K, 93% used [0x0000000080000000,0x00000000c18515a8,0x00000000c5d80000)
 Metaspace       used 87864K, committed 89408K, reserved 1179648K
  class space    used 8670K, committed 9408K, reserved 1048576K
}
Event: 4326.243 GC heap after
{Heap after GC invocations=4615 (full 6):
 PSYoungGen      total 7168K, used 3410K [0x00000000d5580000, 0x00000000d6000000, 0x0000000100000000)
  eden space 3584K, 0% used [0x00000000d5580000,0x00000000d5580000,0x00000000d5900000)
  from space 3584K, 95% used [0x00000000d5900000,0x00000000d5c54b00,0x00000000d5c80000)
  to   space 3584K, 0% used [0x00000000d5c80000,0x00000000d5c80000,0x00000000d6000000)
 ParOldGen       total 1144320K, used 1076437K [0x0000000080000000, 0x00000000c5d80000, 0x00000000d5580000)
  object space 1144320K, 94% used [0x0000000080000000,0x00000000c1b355a8,0x00000000c5d80000)
 Metaspace       used 87864K, committed 89408K, reserved 1179648K
  class space    used 8670K, committed 9408K, reserved 1048576K
}

Dll operation events (14 events):
Event: 0.015 Loaded shared library c:\Users\Admin\.vscode\extensions\redhat.java-1.50.0-win32-x64\jre\21.0.9-win32-x86_64\bin\java.dll
Event: 0.297 Loaded shared library c:\Users\Admin\.vscode\extensions\redhat.java-1.50.0-win32-x64\jre\21.0.9-win32-x86_64\bin\zip.dll
Event: 0.379 Loaded shared library C:\Users\Admin\.vscode\extensions\redhat.java-1.50.0-win32-x64\jre\21.0.9-win32-x86_64\bin\instrument.dll
Event: 0.388 Loaded shared library C:\Users\Admin\.vscode\extensions\redhat.java-1.50.0-win32-x64\jre\21.0.9-win32-x86_64\bin\net.dll
Event: 0.394 Loaded shared library C:\Users\Admin\.vscode\extensions\redhat.java-1.50.0-win32-x64\jre\21.0.9-win32-x86_64\bin\nio.dll
Event: 0.400 Loaded shared library C:\Users\Admin\.vscode\extensions\redhat.java-1.50.0-win32-x64\jre\21.0.9-win32-x86_64\bin\zip.dll
Event: 0.671 Loaded shared library C:\Users\Admin\.vscode\extensions\redhat.java-1.50.0-win32-x64\jre\21.0.9-win32-x86_64\bin\jimage.dll
Event: 0.896 Loaded shared library c:\Users\Admin\.vscode\extensions\redhat.java-1.50.0-win32-x64\jre\21.0.9-win32-x86_64\bin\verify.dll
Event: 21.086 Loaded shared library C:\Users\Admin\AppData\Roaming\Code\User\globalStorage\redhat.java\1.50.0\config_win\org.eclipse.equinox.launcher\org.eclipse.equinox.launcher.win32.win32.x86_64_1.2.1400.v20250801-0854\eclipse_11916.dll
Event: 55.747 Loaded shared library C:\Users\Admin\.vscode\extensions\redhat.java-1.50.0-win32-x64\jre\21.0.9-win32-x86_64\bin\management.dll
Event: 55.752 Loaded shared library C:\Users\Admin\.vscode\extensions\redhat.java-1.50.0-win32-x64\jre\21.0.9-win32-x86_64\bin\management_ext.dll
Event: 58.728 Loaded shared library C:\Users\Admin\AppData\Local\Temp\jna-63116079\jna3402367416399373762.dll
Event: 58.987 Loaded shared library C:\Users\Admin\.vscode\extensions\redhat.java-1.50.0-win32-x64\jre\21.0.9-win32-x86_64\bin\sunmscapi.dll
Event: 60.736 Loaded shared library C:\Users\Admin\.vscode\extensions\redhat.java-1.50.0-win32-x64\jre\21.0.9-win32-x86_64\bin\extnet.dll

Deoptimization events (20 events):
Event: 4307.788 Thread 0x00000223743427c0 Uncommon trap: trap_request=0xffffffbe fr.pc=0x000002236333982c relative=0x000000000000018c
Event: 4307.788 Thread 0x00000223743427c0 Uncommon trap: reason=profile_predicate action=maybe_recompile pc=0x000002236333982c method=java.util.HashMap.valuesToArray([Ljava/lang/Object;)[Ljava/lang/Object; @ 36 c2
Event: 4307.789 Thread 0x00000223743427c0 DEOPT PACKING pc=0x000002236333982c sp=0x000000c6294fdd00
Event: 4307.789 Thread 0x00000223743427c0 DEOPT UNPACKING pc=0x0000022360bf3aa2 sp=0x000000c6294fdc80 mode 2
Event: 4308.926 Thread 0x0000022374e7a8a0 Uncommon trap: trap_request=0xffffffbe fr.pc=0x000002236333982c relative=0x000000000000018c
Event: 4308.926 Thread 0x0000022374e7a8a0 Uncommon trap: reason=profile_predicate action=maybe_recompile pc=0x000002236333982c method=java.util.HashMap.valuesToArray([Ljava/lang/Object;)[Ljava/lang/Object; @ 36 c2
Event: 4308.926 Thread 0x0000022374e7a8a0 DEOPT PACKING pc=0x000002236333982c sp=0x000000c6284fe820
Event: 4308.926 Thread 0x0000022374e7a8a0 DEOPT UNPACKING pc=0x0000022360bf3aa2 sp=0x000000c6284fe7a0 mode 2
Event: 4308.962 Thread 0x0000022374e7a8a0 Uncommon trap: trap_request=0xffffff76 fr.pc=0x000002236334cf24 relative=0x0000000000000184
Event: 4308.962 Thread 0x0000022374e7a8a0 Uncommon trap: reason=predicate action=maybe_recompile pc=0x000002236334cf24 method=java.util.HashMap.valuesToArray([Ljava/lang/Object;)[Ljava/lang/Object; @ 48 c2
Event: 4308.962 Thread 0x0000022374e7a8a0 DEOPT PACKING pc=0x000002236334cf24 sp=0x000000c6284fe7c0
Event: 4308.962 Thread 0x0000022374e7a8a0 DEOPT UNPACKING pc=0x0000022360bf3aa2 sp=0x000000c6284fe748 mode 2
Event: 4316.108 Thread 0x0000022374e7c970 Uncommon trap: trap_request=0xffffffde fr.pc=0x0000022361bf8e90 relative=0x0000000000000290
Event: 4316.108 Thread 0x0000022374e7c970 Uncommon trap: reason=class_check action=maybe_recompile pc=0x0000022361bf8e90 method=java.util.stream.MatchOps$MatchOp.evaluateSequential(Ljava/util/stream/PipelineHelper;Ljava/util/Spliterator;)Ljava/lang/Boolean; @ 14 c2
Event: 4316.108 Thread 0x0000022374e7c970 DEOPT PACKING pc=0x0000022361bf8e90 sp=0x000000c6286fecd0
Event: 4316.108 Thread 0x0000022374e7c970 DEOPT UNPACKING pc=0x0000022360bf3aa2 sp=0x000000c6286febf8 mode 2
Event: 4325.522 Thread 0x000002236cebac40 Uncommon trap: trap_request=0xffffff45 fr.pc=0x0000022361773b6c relative=0x00000000000024ec
Event: 4325.523 Thread 0x000002236cebac40 Uncommon trap: reason=unstable_if action=reinterpret pc=0x0000022361773b6c method=org.eclipse.jdt.internal.core.index.DiskIndex.writeAllDocumentNames([Ljava/lang/String;Ljava/io/OutputStream;)V @ 498 c2
Event: 4325.523 Thread 0x000002236cebac40 DEOPT PACKING pc=0x0000022361773b6c sp=0x000000c6288feb40
Event: 4325.523 Thread 0x000002236cebac40 DEOPT UNPACKING pc=0x0000022360bf3aa2 sp=0x000000c6288feae0 mode 2

Classes loaded (20 events):
Event: 598.570 Loading class java/util/stream/ReferencePipeline$15
Event: 598.605 Loading class java/util/stream/ReferencePipeline$15 done
Event: 598.607 Loading class java/util/stream/ReferencePipeline$15$1
Event: 598.607 Loading class java/util/stream/ReferencePipeline$15$1 done
Event: 1214.473 Loading class java/util/stream/DistinctOps
Event: 1214.474 Loading class java/util/stream/DistinctOps done
Event: 1214.474 Loading class java/util/stream/DistinctOps$1
Event: 1214.475 Loading class java/util/stream/DistinctOps$1 done
Event: 1214.481 Loading class java/util/stream/DistinctOps$1$2
Event: 1214.481 Loading class java/util/stream/DistinctOps$1$2 done
Event: 2211.809 Loading class java/lang/Throwable$WrappedPrintWriter
Event: 2211.883 Loading class java/lang/Throwable$PrintStreamOrWriter
Event: 2211.884 Loading class java/lang/Throwable$PrintStreamOrWriter done
Event: 2211.884 Loading class java/lang/Throwable$WrappedPrintWriter done
Event: 2685.966 Loading class jdk/internal/icu/text/NormalizerBase$NFCModeImpl
Event: 2685.970 Loading class jdk/internal/icu/text/NormalizerBase$NFCModeImpl done
Event: 2685.970 Loading class jdk/internal/icu/impl/Norm2AllModes$NFCSingleton
Event: 2685.971 Loading class jdk/internal/icu/impl/Norm2AllModes$NFCSingleton done
Event: 2685.975 Loading class java/nio/StringCharBuffer
Event: 2685.976 Loading class java/nio/StringCharBuffer done

Classes unloaded (20 events):
Event: 2425.534 Thread 0x000002235651df80 Unloading class 0x0000022301016400 'java/lang/invoke/LambdaForm$MH+0x0000022301016400'
Event: 2425.534 Thread 0x000002235651df80 Unloading class 0x0000022301014800 'java/lang/invoke/LambdaForm$MH+0x0000022301014800'
Event: 2425.534 Thread 0x000002235651df80 Unloading class 0x000002230100d800 'java/lang/invoke/LambdaForm$MH+0x000002230100d800'
Event: 2425.535 Thread 0x000002235651df80 Unloading class 0x000002230100d400 'java/lang/invoke/LambdaForm$MH+0x000002230100d400'
Event: 2425.535 Thread 0x000002235651df80 Unloading class 0x000002230100d000 'java/lang/invoke/LambdaForm$MH+0x000002230100d000'
Event: 2425.535 Thread 0x000002235651df80 Unloading class 0x000002230100cc00 'java/lang/invoke/LambdaForm$MH+0x000002230100cc00'
Event: 2425.535 Thread 0x000002235651df80 Unloading class 0x000002230100c800 'java/lang/invoke/LambdaForm$BMH+0x000002230100c800'
Event: 2425.535 Thread 0x000002235651df80 Unloading class 0x000002230100c000 'java/lang/invoke/LambdaForm$DMH+0x000002230100c000'
Event: 2425.535 Thread 0x000002235651df80 Unloading class 0x0000022301008c00 'java/lang/invoke/LambdaForm$MH+0x0000022301008c00'
Event: 2425.535 Thread 0x000002235651df80 Unloading class 0x0000022301008800 'java/lang/invoke/LambdaForm$MH+0x0000022301008800'
Event: 2425.535 Thread 0x000002235651df80 Unloading class 0x0000022301008400 'java/lang/invoke/LambdaForm$MH+0x0000022301008400'
Event: 2425.535 Thread 0x000002235651df80 Unloading class 0x0000022301007000 'java/lang/invoke/LambdaForm$MH+0x0000022301007000'
Event: 2425.535 Thread 0x000002235651df80 Unloading class 0x0000022301006800 'java/lang/invoke/LambdaForm$MH+0x0000022301006800'
Event: 2425.535 Thread 0x000002235651df80 Unloading class 0x0000022301006400 'java/lang/invoke/LambdaForm$MH+0x0000022301006400'
Event: 2425.535 Thread 0x000002235651df80 Unloading class 0x0000022301006000 'java/lang/invoke/LambdaForm$MH+0x0000022301006000'
Event: 2425.535 Thread 0x000002235651df80 Unloading class 0x0000022301005c00 'java/lang/invoke/LambdaForm$BMH+0x0000022301005c00'
Event: 2425.536 Thread 0x000002235651df80 Unloading class 0x0000022301004800 'java/lang/invoke/LambdaForm$DMH+0x0000022301004800'
Event: 2425.536 Thread 0x000002235651df80 Unloading class 0x0000022301002400 'java/lang/invoke/LambdaForm$MH+0x0000022301002400'
Event: 2425.536 Thread 0x000002235651df80 Unloading class 0x0000022301002000 'java/lang/invoke/LambdaForm$MH+0x0000022301002000'
Event: 2425.536 Thread 0x000002235651df80 Unloading class 0x0000022301001800 'java/lang/invoke/LambdaForm$MH+0x0000022301001800'

Classes redefined (0 events):
No events

Internal exceptions (20 events):
Event: 4058.565 Thread 0x0000022374e77ab0 Exception <a 'java/lang/ClassNotFoundException'{0x00000000d5e1d010}: sun/net/www/protocol/jdt/Handler> (0x00000000d5e1d010) 
thrown [s\src\hotspot\share\classfile\systemDictionary.cpp, line 312]
Event: 4058.566 Thread 0x0000022374e77ab0 Exception <a 'java/lang/ClassNotFoundException'{0x00000000d5e1fea0}: sun/net/www/protocol/jdt/Handler> (0x00000000d5e1fea0) 
thrown [s\src\hotspot\share\classfile\systemDictionary.cpp, line 312]
Event: 4058.566 Thread 0x0000022374e77ab0 Exception <a 'java/lang/ClassNotFoundException'{0x00000000d5e222c0}: sun/net/www/protocol/jdt/Handler> (0x00000000d5e222c0) 
thrown [s\src\hotspot\share\classfile\systemDictionary.cpp, line 312]
Event: 4058.566 Thread 0x0000022374e77ab0 Exception <a 'java/lang/ClassNotFoundException'{0x00000000d5e25030}: sun/net/www/protocol/jdt/Handler> (0x00000000d5e25030) 
thrown [s\src\hotspot\share\classfile\systemDictionary.cpp, line 312]
Event: 4058.566 Thread 0x0000022374e77ab0 Exception <a 'java/lang/ClassNotFoundException'{0x00000000d5e274b8}: sun/net/www/protocol/jdt/Handler> (0x00000000d5e274b8) 
thrown [s\src\hotspot\share\classfile\systemDictionary.cpp, line 312]
Event: 4058.566 Thread 0x0000022374e77ab0 Exception <a 'java/lang/ClassNotFoundException'{0x00000000d5e298f8}: sun/net/www/protocol/jdt/Handler> (0x00000000d5e298f8) 
thrown [s\src\hotspot\share\classfile\systemDictionary.cpp, line 312]
Event: 4058.566 Thread 0x0000022374e77ab0 Exception <a 'java/lang/ClassNotFoundException'{0x00000000d5e2c3b0}: sun/net/www/protocol/jdt/Handler> (0x00000000d5e2c3b0) 
thrown [s\src\hotspot\share\classfile\systemDictionary.cpp, line 312]
Event: 4058.566 Thread 0x0000022374e77ab0 Exception <a 'java/lang/ClassNotFoundException'{0x00000000d5e2e438}: sun/net/www/protocol/jdt/Handler> (0x00000000d5e2e438) 
thrown [s\src\hotspot\share\classfile\systemDictionary.cpp, line 312]
Event: 4058.566 Thread 0x0000022374e77ab0 Exception <a 'java/lang/ClassNotFoundException'{0x00000000d5e306a0}: sun/net/www/protocol/jdt/Handler> (0x00000000d5e306a0) 
thrown [s\src\hotspot\share\classfile\systemDictionary.cpp, line 312]
Event: 4058.566 Thread 0x0000022374e77ab0 Exception <a 'java/lang/ClassNotFoundException'{0x00000000d5e33458}: sun/net/www/protocol/jdt/Handler> (0x00000000d5e33458) 
thrown [s\src\hotspot\share\classfile\systemDictionary.cpp, line 312]
Event: 4058.566 Thread 0x0000022374e77ab0 Exception <a 'java/lang/ClassNotFoundException'{0x00000000d5e36b08}: sun/net/www/protocol/jdt/Handler> (0x00000000d5e36b08) 
thrown [s\src\hotspot\share\classfile\systemDictionary.cpp, line 312]
Event: 4058.566 Thread 0x0000022374e77ab0 Exception <a 'java/lang/ClassNotFoundException'{0x00000000d5e38dc8}: sun/net/www/protocol/jdt/Handler> (0x00000000d5e38dc8) 
thrown [s\src\hotspot\share\classfile\systemDictionary.cpp, line 312]
Event: 4207.463 Thread 0x0000022373b45420 Implicit null exception at 0x00000223628d8b6f to 0x00000223628d93f0
Event: 4225.924 Thread 0x000002236cebac40 Exception <a 'sun/nio/fs/WindowsException'{0x00000000d577e158}> (0x00000000d577e158) 
thrown [s\src\hotspot\share\prims\jni.cpp, line 520]
Event: 4226.326 Thread 0x000002236cebac40 Exception <a 'sun/nio/fs/WindowsException'{0x00000000d5640300}> (0x00000000d5640300) 
thrown [s\src\hotspot\share\prims\jni.cpp, line 520]
Event: 4271.704 Thread 0x000002236cebac40 Exception <a 'sun/nio/fs/WindowsException'{0x00000000d564a4a0}> (0x00000000d564a4a0) 
thrown [s\src\hotspot\share\prims\jni.cpp, line 520]
Event: 4272.024 Thread 0x000002236cebac40 Exception <a 'sun/nio/fs/WindowsException'{0x00000000d5720fc0}> (0x00000000d5720fc0) 
thrown [s\src\hotspot\share\prims\jni.cpp, line 520]
Event: 4301.808 Thread 0x0000022373b44700 Implicit null exception at 0x0000022362abcf3f to 0x0000022362abcfc8
Event: 4325.555 Thread 0x000002236cebac40 Exception <a 'sun/nio/fs/WindowsException'{0x00000000d5646530}> (0x00000000d5646530) 
thrown [s\src\hotspot\share\prims\jni.cpp, line 520]
Event: 4326.401 Thread 0x000002236cebac40 Exception <a 'sun/nio/fs/WindowsException'{0x00000000d56d6740}> (0x00000000d56d6740) 
thrown [s\src\hotspot\share\prims\jni.cpp, line 520]

ZGC Phase Switch (0 events):
No events

VM Operations (20 events):
Event: 4313.913 Executing VM operation: ParallelGCFailedAllocation (Allocation Failure)
Event: 4313.918 Executing VM operation: ParallelGCFailedAllocation (Allocation Failure) done
Event: 4316.594 Executing VM operation: ParallelGCFailedAllocation (Allocation Failure)
Event: 4316.615 Executing VM operation: ParallelGCFailedAllocation (Allocation Failure) done
Event: 4317.630 Executing VM operation: Cleanup
Event: 4317.630 Executing VM operation: Cleanup done
Event: 4317.854 Executing VM operation: ParallelGCFailedAllocation (Allocation Failure)
Event: 4317.859 Executing VM operation: ParallelGCFailedAllocation (Allocation Failure) done
Event: 4325.567 Executing VM operation: ParallelGCFailedAllocation (Allocation Failure)
Event: 4325.578 Executing VM operation: ParallelGCFailedAllocation (Allocation Failure) done
Event: 4325.595 Executing VM operation: ParallelGCFailedAllocation (Allocation Failure)
Event: 4325.603 Executing VM operation: ParallelGCFailedAllocation (Allocation Failure) done
Event: 4326.224 Executing VM operation: ParallelGCFailedAllocation (Allocation Failure)
Event: 4326.243 Executing VM operation: ParallelGCFailedAllocation (Allocation Failure) done
Event: 4327.256 Executing VM operation: Cleanup
Event: 4327.256 Executing VM operation: Cleanup done
Event: 4329.945 Executing VM operation: HandshakeAllThreads (HandshakeForDeflation)
Event: 4329.945 Executing VM operation: HandshakeAllThreads (HandshakeForDeflation) done
Event: 4329.945 Executing VM operation: RendezvousGCThreads
Event: 4329.945 Executing VM operation: RendezvousGCThreads done

Memory protections (0 events):
No events

Nmethod flushes (20 events):
Event: 2426.096 Thread 0x000002235651df80 flushing  nmethod 0x000002235c20c690
Event: 2426.096 Thread 0x000002235651df80 flushing  nmethod 0x000002235c20eb10
Event: 2426.096 Thread 0x000002235651df80 flushing  nmethod 0x000002235c213090
Event: 2426.096 Thread 0x000002235651df80 flushing  nmethod 0x000002235c21dd90
Event: 2426.096 Thread 0x000002235651df80 flushing  nmethod 0x000002235c22f710
Event: 2426.096 Thread 0x000002235651df80 flushing  nmethod 0x000002235c230390
Event: 2426.096 Thread 0x000002235651df80 flushing  nmethod 0x000002235c236690
Event: 2426.096 Thread 0x000002235651df80 flushing  nmethod 0x000002235c256a10
Event: 2426.096 Thread 0x000002235651df80 flushing  nmethod 0x000002235c274d10
Event: 2426.096 Thread 0x000002235651df80 flushing  nmethod 0x000002235c28a990
Event: 2426.096 Thread 0x000002235651df80 flushing  nmethod 0x000002235c290210
Event: 2426.096 Thread 0x000002235651df80 flushing  nmethod 0x000002235c2cb010
Event: 2426.096 Thread 0x000002235651df80 flushing  nmethod 0x000002235c33a110
Event: 2426.096 Thread 0x000002235651df80 flushing  nmethod 0x000002235c340d90
Event: 2426.096 Thread 0x000002235651df80 flushing  nmethod 0x000002235c36c710
Event: 2426.096 Thread 0x000002235651df80 flushing  nmethod 0x000002235c393410
Event: 2426.096 Thread 0x000002235651df80 flushing  nmethod 0x000002235c3f9890
Event: 2426.096 Thread 0x000002235651df80 flushing  nmethod 0x000002235c406790
Event: 2426.096 Thread 0x000002235651df80 flushing  nmethod 0x000002235c41e210
Event: 2426.096 Thread 0x000002235651df80 flushing  nmethod 0x000002235c424790

Events (20 events):
Event: 4144.002 Thread 0x0000022374e7c2e0 Thread added: 0x0000022374e7ea40
Event: 4144.003 Thread 0x0000022374e7ea40 Thread exited: 0x0000022374e7ea40
Event: 4144.005 Thread 0x0000022374e7c2e0 Thread added: 0x0000022374e7ea40
Event: 4144.006 Thread 0x0000022374e7ea40 Thread added: 0x0000022374e77ab0
Event: 4144.006 Thread 0x0000022374e7ea40 Thread added: 0x0000022373b467d0
Event: 4144.007 Thread 0x0000022373b467d0 Thread exited: 0x0000022373b467d0
Event: 4144.007 Thread 0x0000022374e77ab0 Thread exited: 0x0000022374e77ab0
Event: 4144.007 Thread 0x0000022374e7ea40 Thread exited: 0x0000022374e7ea40
Event: 4144.103 Thread 0x0000022374e7dd20 Thread exited: 0x0000022374e7dd20
Event: 4182.309 Thread 0x00000223743427c0 Thread added: 0x0000022373b467d0
Event: 4189.523 Thread 0x0000022373b488a0 Thread added: 0x0000022373b45420
Event: 4207.409 Thread 0x0000022373b45420 Thread added: 0x0000022373b474f0
Event: 4207.422 Thread 0x0000022373b45420 Thread added: 0x0000022373b4b690
Event: 4249.961 Thread 0x0000022373b467d0 Thread exited: 0x0000022373b467d0
Event: 4263.447 Thread 0x0000022374e7c970 Thread added: 0x0000022373b467d0
Event: 4376.045 Thread 0x0000022373b4b690 Thread exited: 0x0000022373b4b690
Event: 4386.458 Thread 0x0000022374e7c2e0 Thread exited: 0x0000022374e7c2e0
Event: 4387.137 Thread 0x0000022373b488a0 Thread exited: 0x0000022373b488a0
Event: 4394.578 Thread 0x0000022373b44d90 Thread exited: 0x0000022373b44d90
Event: 4454.591 Thread 0x0000022373b44700 Thread exited: 0x0000022373b44700


Dynamic libraries:
0x00007ff7384d0000 - 0x00007ff7384de000 	c:\Users\Admin\.vscode\extensions\redhat.java-1.50.0-win32-x64\jre\21.0.9-win32-x86_64\bin\java.exe
0x00007ffdb9270000 - 0x00007ffdb9468000 	C:\Windows\SYSTEM32\ntdll.dll
0x00007ffdb8410000 - 0x00007ffdb84d2000 	C:\Windows\System32\KERNEL32.DLL
0x00007ffdb69b0000 - 0x00007ffdb6ca6000 	C:\Windows\System32\KERNELBASE.dll
0x00007ffdb6f90000 - 0x00007ffdb7090000 	C:\Windows\System32\ucrtbase.dll
0x00007ffda8530000 - 0x00007ffda8548000 	c:\Users\Admin\.vscode\extensions\redhat.java-1.50.0-win32-x64\jre\21.0.9-win32-x86_64\bin\jli.dll
0x00007ffdb87a0000 - 0x00007ffdb8941000 	C:\Windows\System32\USER32.dll
0x00007ffdb6900000 - 0x00007ffdb6922000 	C:\Windows\System32\win32u.dll
0x00007ffdb8f90000 - 0x00007ffdb8fbb000 	C:\Windows\System32\GDI32.dll
0x00007ffdb6cb0000 - 0x00007ffdb6dc9000 	C:\Windows\System32\gdi32full.dll
0x00007ffdb7090000 - 0x00007ffdb712d000 	C:\Windows\System32\msvcp_win.dll
0x00007ffdad090000 - 0x00007ffdad0ae000 	c:\Users\Admin\.vscode\extensions\redhat.java-1.50.0-win32-x64\jre\21.0.9-win32-x86_64\bin\VCRUNTIME140.dll
0x00007ffdaacb0000 - 0x00007ffdaaf4b000 	C:\Windows\WinSxS\amd64_microsoft.windows.common-controls_6595b64144ccf1df_6.0.19041.6456_none_60b8a6cb71f64256\COMCTL32.dll
0x00007ffdb7f20000 - 0x00007ffdb7fbe000 	C:\Windows\System32\msvcrt.dll
0x00007ffdb8220000 - 0x00007ffdb824f000 	C:\Windows\System32\IMM32.DLL
0x00007ffdb20d0000 - 0x00007ffdb20dc000 	c:\Users\Admin\.vscode\extensions\redhat.java-1.50.0-win32-x64\jre\21.0.9-win32-x86_64\bin\vcruntime140_1.dll
0x00007ffd885a0000 - 0x00007ffd8862d000 	c:\Users\Admin\.vscode\extensions\redhat.java-1.50.0-win32-x64\jre\21.0.9-win32-x86_64\bin\msvcp140.dll
0x00007ffd65820000 - 0x00007ffd665c0000 	c:\Users\Admin\.vscode\extensions\redhat.java-1.50.0-win32-x64\jre\21.0.9-win32-x86_64\bin\server\jvm.dll
0x00007ffdb8260000 - 0x00007ffdb8311000 	C:\Windows\System32\ADVAPI32.dll
0x00007ffdb9190000 - 0x00007ffdb922f000 	C:\Windows\System32\sechost.dll
0x00007ffdb9070000 - 0x00007ffdb9190000 	C:\Windows\System32\RPCRT4.dll
0x00007ffdb6dd0000 - 0x00007ffdb6df7000 	C:\Windows\System32\bcrypt.dll
0x00007ffdb84f0000 - 0x00007ffdb855b000 	C:\Windows\System32\WS2_32.dll
0x00007ffdb5e50000 - 0x00007ffdb5e9b000 	C:\Windows\SYSTEM32\POWRPROF.dll
0x00007ffdab070000 - 0x00007ffdab097000 	C:\Windows\SYSTEM32\WINMM.dll
0x00007ffdac1e0000 - 0x00007ffdac1ea000 	C:\Windows\SYSTEM32\VERSION.dll
0x00007ffdb5cc0000 - 0x00007ffdb5cd2000 	C:\Windows\SYSTEM32\UMPDC.dll
0x00007ffdb4730000 - 0x00007ffdb4742000 	C:\Windows\SYSTEM32\kernel.appcore.dll
0x00007ffdafc60000 - 0x00007ffdafc6a000 	c:\Users\Admin\.vscode\extensions\redhat.java-1.50.0-win32-x64\jre\21.0.9-win32-x86_64\bin\jimage.dll
0x00007ffdaee00000 - 0x00007ffdaf001000 	C:\Windows\SYSTEM32\DBGHELP.DLL
0x00007ffdaeae0000 - 0x00007ffdaeb14000 	C:\Windows\SYSTEM32\dbgcore.DLL
0x00007ffdb6eb0000 - 0x00007ffdb6f32000 	C:\Windows\System32\bcryptPrimitives.dll
0x00007ffdae1a0000 - 0x00007ffdae1af000 	c:\Users\Admin\.vscode\extensions\redhat.java-1.50.0-win32-x64\jre\21.0.9-win32-x86_64\bin\instrument.dll
0x00007ffda1860000 - 0x00007ffda1880000 	c:\Users\Admin\.vscode\extensions\redhat.java-1.50.0-win32-x64\jre\21.0.9-win32-x86_64\bin\java.dll
0x00007ffdb7290000 - 0x00007ffdb7a00000 	C:\Windows\System32\SHELL32.dll
0x00007ffdb4930000 - 0x00007ffdb50d5000 	C:\Windows\SYSTEM32\windows.storage.dll
0x00007ffdb89b0000 - 0x00007ffdb8d04000 	C:\Windows\System32\combase.dll
0x00007ffdb6250000 - 0x00007ffdb627b000 	C:\Windows\SYSTEM32\Wldp.dll
0x00007ffdb8ec0000 - 0x00007ffdb8f8d000 	C:\Windows\System32\OLEAUT32.dll
0x00007ffdb86f0000 - 0x00007ffdb879d000 	C:\Windows\System32\SHCORE.dll
0x00007ffdb8320000 - 0x00007ffdb837b000 	C:\Windows\System32\shlwapi.dll
0x00007ffdb6830000 - 0x00007ffdb6854000 	C:\Windows\SYSTEM32\profapi.dll
0x00007ffd927a0000 - 0x00007ffd927b8000 	c:\Users\Admin\.vscode\extensions\redhat.java-1.50.0-win32-x64\jre\21.0.9-win32-x86_64\bin\zip.dll
0x00007ffdacf20000 - 0x00007ffdacf30000 	C:\Users\Admin\.vscode\extensions\redhat.java-1.50.0-win32-x64\jre\21.0.9-win32-x86_64\bin\net.dll
0x00007ffdae4a0000 - 0x00007ffdae5aa000 	C:\Windows\SYSTEM32\WINHTTP.dll
0x00007ffdb6030000 - 0x00007ffdb609a000 	C:\Windows\system32\mswsock.dll
0x00007ffd92780000 - 0x00007ffd92796000 	C:\Users\Admin\.vscode\extensions\redhat.java-1.50.0-win32-x64\jre\21.0.9-win32-x86_64\bin\nio.dll
0x00007ffdacc20000 - 0x00007ffdacc30000 	c:\Users\Admin\.vscode\extensions\redhat.java-1.50.0-win32-x64\jre\21.0.9-win32-x86_64\bin\verify.dll
0x00007ffd8df00000 - 0x00007ffd8df44000 	C:\Users\Admin\AppData\Roaming\Code\User\globalStorage\redhat.java\1.50.0\config_win\org.eclipse.equinox.launcher\org.eclipse.equinox.launcher.win32.win32.x86_64_1.2.1400.v20250801-0854\eclipse_11916.dll
0x00007ffdb85c0000 - 0x00007ffdb86eb000 	C:\Windows\System32\ole32.dll
0x00007ffdad320000 - 0x00007ffdad32a000 	C:\Users\Admin\.vscode\extensions\redhat.java-1.50.0-win32-x64\jre\21.0.9-win32-x86_64\bin\management.dll
0x00007ffdad060000 - 0x00007ffdad06c000 	C:\Users\Admin\.vscode\extensions\redhat.java-1.50.0-win32-x64\jre\21.0.9-win32-x86_64\bin\management_ext.dll
0x00007ffdb8250000 - 0x00007ffdb8258000 	C:\Windows\System32\PSAPI.DLL
0x00007ffdb65a0000 - 0x00007ffdb65b8000 	C:\Windows\SYSTEM32\CRYPTSP.dll
0x00007ffdb5900000 - 0x00007ffdb5938000 	C:\Windows\system32\rsaenh.dll
0x00007ffdb67f0000 - 0x00007ffdb681e000 	C:\Windows\SYSTEM32\USERENV.dll
0x00007ffdb61c0000 - 0x00007ffdb61cc000 	C:\Windows\SYSTEM32\CRYPTBASE.dll
0x00007ffdb5ce0000 - 0x00007ffdb5d1b000 	C:\Windows\SYSTEM32\IPHLPAPI.DLL
0x00007ffdb84e0000 - 0x00007ffdb84e8000 	C:\Windows\System32\NSI.dll
0x00007ffd8dfe0000 - 0x00007ffd8e029000 	C:\Users\Admin\AppData\Local\Temp\jna-63116079\jna3402367416399373762.dll
0x00007ffdaf930000 - 0x00007ffdaf947000 	C:\Windows\SYSTEM32\dhcpcsvc6.DLL
0x00007ffdaf910000 - 0x00007ffdaf92d000 	C:\Windows\SYSTEM32\dhcpcsvc.DLL
0x00007ffdb0020000 - 0x00007ffdb002e000 	C:\Users\Admin\.vscode\extensions\redhat.java-1.50.0-win32-x64\jre\21.0.9-win32-x86_64\bin\sunmscapi.dll
0x00007ffdb7130000 - 0x00007ffdb728d000 	C:\Windows\System32\CRYPT32.dll
0x00007ffdb62c0000 - 0x00007ffdb62e7000 	C:\Windows\SYSTEM32\ncrypt.dll
0x00007ffdb6280000 - 0x00007ffdb62bb000 	C:\Windows\SYSTEM32\NTASN1.dll
0x00007ffdb5d30000 - 0x00007ffdb5dfa000 	C:\Windows\SYSTEM32\DNSAPI.dll
0x00007ffdac850000 - 0x00007ffdac85a000 	C:\Windows\System32\rasadhlp.dll
0x00007ffdacb40000 - 0x00007ffdacbc0000 	C:\Windows\System32\fwpuclnt.dll
0x00007ffdab3f0000 - 0x00007ffdab3f9000 	C:\Users\Admin\.vscode\extensions\redhat.java-1.50.0-win32-x64\jre\21.0.9-win32-x86_64\bin\extnet.dll

JVMTI agents:
c:\Users\Admin\.vscode\extensions\redhat.java-1.50.0-win32-x64\lombok\lombok-1.18.39-4050.jar path:c:\Users\Admin\.vscode\extensions\redhat.java-1.50.0-win32-x64\jre\21.0.9-win32-x86_64\bin\instrument.dll, loaded, initialized, instrumentlib options:none

dbghelp: loaded successfully - version: 4.0.5 - missing functions: none
symbol engine: initialized successfully - sym options: 0x614 - pdb path: .;c:\Users\Admin\.vscode\extensions\redhat.java-1.50.0-win32-x64\jre\21.0.9-win32-x86_64\bin;C:\Windows\SYSTEM32;C:\Windows\WinSxS\amd64_microsoft.windows.common-controls_6595b64144ccf1df_6.0.19041.6456_none_60b8a6cb71f64256;c:\Users\Admin\.vscode\extensions\redhat.java-1.50.0-win32-x64\jre\21.0.9-win32-x86_64\bin\server;C:\Users\Admin\AppData\Roaming\Code\User\globalStorage\redhat.java\1.50.0\config_win\org.eclipse.equinox.launcher\org.eclipse.equinox.launcher.win32.win32.x86_64_1.2.1400.v20250801-0854;C:\Users\Admin\AppData\Local\Temp\jna-63116079

VM Arguments:
jvm_args: --add-modules=ALL-SYSTEM --add-opens=java.base/java.util=ALL-UNNAMED --add-opens=java.base/java.lang=ALL-UNNAMED --add-opens=java.base/sun.nio.fs=ALL-UNNAMED -Declipse.application=org.eclipse.jdt.ls.core.id1 -Dosgi.bundles.defaultStartLevel=4 -Declipse.product=org.eclipse.jdt.ls.core.product -Djava.import.generatesMetadataFilesAtProjectRoot=false -DDetectVMInstallationsJob.disabled=true -Dfile.encoding=utf8 -XX:+UseParallelGC -XX:GCTimeRatio=4 -XX:AdaptiveSizePolicyWeight=90 -Dsun.zip.disableMemoryMapping=true -Xmx2G -Xms100m -Xlog:disable -javaagent:c:\Users\Admin\.vscode\extensions\redhat.java-1.50.0-win32-x64\lombok\lombok-1.18.39-4050.jar -XX:+HeapDumpOnOutOfMemoryError -XX:HeapDumpPath=c:\Users\Admin\AppData\Roaming\Code\User\workspaceStorage\9944b2db9b7f674809a0ffc27e43ccb3\redhat.java -Daether.dependencyCollector.impl=bf 
java_command: c:\Users\Admin\.vscode\extensions\redhat.java-1.50.0-win32-x64\server\plugins\org.eclipse.equinox.launcher_1.7.100.v20251111-0406.jar -configuration c:\Users\Admin\AppData\Roaming\Code\User\globalStorage\redhat.java\1.50.0\config_win -data c:\Users\Admin\AppData\Roaming\Code\User\workspaceStorage\9944b2db9b7f674809a0ffc27e43ccb3\redhat.java\jdt_ws --pipe=\\.\pipe\lsp-e91671f74334768f5b2a14aa45acf22b-sock
java_class_path (initial): c:\Users\Admin\.vscode\extensions\redhat.java-1.50.0-win32-x64\server\plugins\org.eclipse.equinox.launcher_1.7.100.v20251111-0406.jar
Launcher Type: SUN_STANDARD

[Global flags]
    uintx AdaptiveSizePolicyWeight                 = 90                                        {product} {command line}
     intx CICompilerCount                          = 3                                         {product} {ergonomic}
    uintx GCTimeRatio                              = 4                                         {product} {command line}
     bool HeapDumpOnOutOfMemoryError               = true                                   {manageable} {command line}
    ccstr HeapDumpPath                             = c:\Users\Admin\AppData\Roaming\Code\User\workspaceStorage\9944b2db9b7f674809a0ffc27e43ccb3\redhat.java         {manageable} {command line}
   size_t InitialHeapSize                          = 104857600                                 {product} {command line}
   size_t MaxHeapSize                              = 2147483648                                {product} {command line}
   size_t MaxNewSize                               = 715653120                                 {product} {ergonomic}
   size_t MinHeapDeltaBytes                        = 524288                                    {product} {ergonomic}
   size_t MinHeapSize                              = 104857600                                 {product} {command line}
   size_t NewSize                                  = 34603008                                  {product} {ergonomic}
    uintx NonNMethodCodeHeapSize                   = 5832780                                {pd product} {ergonomic}
    uintx NonProfiledCodeHeapSize                  = 122912730                              {pd product} {ergonomic}
   size_t OldSize                                  = 70254592                                  {product} {ergonomic}
    uintx ProfiledCodeHeapSize                     = 122912730                              {pd product} {ergonomic}
    uintx ReservedCodeCacheSize                    = 251658240                              {pd product} {ergonomic}
     bool SegmentedCodeCache                       = true                                      {product} {ergonomic}
   size_t SoftMaxHeapSize                          = 2147483648                             {manageable} {ergonomic}
     bool UseCompressedOops                        = true                           {product lp64_product} {ergonomic}
     bool UseLargePagesIndividualAllocation        = false                                  {pd product} {ergonomic}
     bool UseParallelGC                            = true                                      {product} {command line}

Logging:
Log output configuration:
 #0: stdout all=off uptime,level,tags foldmultilines=false
 #1: stderr all=off uptime,level,tags foldmultilines=false

Release file:
JAVA_VERSION="21.0.9" 
MODULES="java.base java.compiler java.datatransfer java.xml java.prefs java.desktop java.instrument java.logging java.management java.security.sasl java.naming java.rmi java.management.rmi java.net.http java.scripting java.security.jgss java.transaction.xa java.sql java.sql.rowset java.xml.crypto java.se java.smartcardio jdk.accessibility jdk.internal.jvmstat jdk.attach jdk.charsets jdk.internal.opt jdk.zipfs jdk.compiler jdk.crypto.ec jdk.crypto.cryptoki jdk.crypto.mscapi jdk.dynalink jdk.internal.ed jdk.editpad jdk.hotspot.agent jdk.httpserver jdk.internal.le jdk.internal.vm.ci jdk.internal.vm.compiler jdk.internal.vm.compiler.management jdk.jartool jdk.javadoc jdk.jcmd jdk.management jdk.management.agent jdk.jconsole jdk.jdeps jdk.jdwp.agent jdk.jdi jdk.jfr jdk.jshell jdk.jsobject jdk.jstatd jdk.localedata jdk.management.jfr jdk.naming.dns jdk.naming.rmi jdk.net jdk.nio.mapmode jdk.random jdk.sctp jdk.security.auth jdk.security.jgss jdk.unsupported jdk.unsupported.desktop jdk.xml.dom" 

Environment Variables:
PATH=C:\Program Files\Microsoft MPI\Bin\;C:\app\Admin\product\21c\dbhomeXE\bin;C:\Program Files\Common Files\Oracle\Java\javapath;C:\Windows\system32;C:\Windows;C:\Windows\System32\Wbem;C:\Windows\System32\WindowsPowerShell\v1.0\;C:\Windows\System32\OpenSSH\;C:\MinGW\bin;C:\Program Files\Java\jdk-20\bin;C:\ProgramData\chocolatey\bin;C:\Program Files\nodejs\;C:\Program Files (x86)\Microsoft SQL Server\160\Tools\Binn\;C:\Program Files\Microsoft SQL Server\160\Tools\Binn\;C:\Program Files\Microsoft SQL Server\Client SDK\ODBC\170\Tools\Binn\;C:\Program Files\Microsoft SQL Server\160\DTS\Binn\;C:\Program Files\Git\cmd;C:\Users\Admin\AppData\Local\Programs\Python\Python311\Scripts\;C:\Users\Admin\AppData\Local\Programs\Python\Python311\;C:\Users\Admin\AppData\Local\Microsoft\WindowsApps;C:\Users\Admin\AppData\Local\Programs\Microsoft VS Code\bin;C:\MinGW\bin;C:\Program Files\JetBrains\PyCharm Community Edition 2023.1.5\bin;;C:\Users\Admin\AppData\Roaming\npm;C:\Program Files\nodejs;C:\Users\Admin\AppData\Local\Microsoft\WinGet\Packages\Schniz.fnm_Microsoft.Winget.Source_8wekyb3d8bbwe;
USERNAME=Admin
OS=Windows_NT
PROCESSOR_IDENTIFIER=Intel64 Family 6 Model 69 Stepping 1, GenuineIntel
TMP=C:\Users\Admin\AppData\Local\Temp
TEMP=C:\Users\Admin\AppData\Local\Temp




Periodic native trim disabled

---------------  S Y S T E M  ---------------

OS:
 Windows 10 , 64 bit Build 19041 (10.0.19041.5915)
OS uptime: 7 days 3:05 hours
Hyper-V role detected

CPU: total 4 (initial active 4) (2 cores per cpu, 2 threads per core) family 6 model 69 stepping 1 microcode 0x25, cx8, cmov, fxsr, ht, mmx, sse, sse2, sse3, ssse3, sse4.1, sse4.2, popcnt, lzcnt, tsc, tscinvbit, avx, avx2, aes, erms, clmul, bmi1, bmi2, fma, vzeroupper, clflush, hv, rdtscp, f16c
Processor Information for the first 4 processors :
  Max Mhz: 2401, Current Mhz: 2401, Mhz Limit: 2401

Memory: 4k page, system-wide physical 8108M (597M free)
TotalPageFile size 32684M (AvailPageFile size 0M)
current process WorkingSet (physical memory assigned to process): 1171M, peak: 1257M
current process commit charge ("private bytes"): 1496M, peak: 1562M

vm_info: OpenJDK 64-Bit Server VM (21.0.9+10-LTS) for windows-amd64 JRE (21.0.9+10-LTS), built on 2025-10-21T00:00:00Z by "admin" with unknown MS VC++:1942

END.
